app/build/outputs/mapping/release/seeds.txt
com.debtfreein.app.FCMReceiverService
com.debtfreein.app.data.ai.MarketState
com.debtfreein.app.data.ai.GeminiBrainService$generateDebtAdvice$2$expensesData$1
com.debtfreein.app.data.ai.ApiBudgetManager$getMonthlySpend$1
com.debtfreein.app.data.ai.TradingBotService$startMarketScannerLoop$1$WhenMappings
com.debtfreein.app.data.ai.FailoverObserverService$executeEngineTakeover$1$1
com.debtfreein.app.data.db.AppDatabase_Impl
com.debtfreein.app.data.network.UpstoxApiService
com.debtfreein.app.data.model.TelemetryMetrics
com.debtfreein.app.data.model.SystemLog
com.debtfreein.app.data.ai.GroqScannerService
com.debtfreein.app.data.model.Investment
com.debtfreein.app.data.ai.GeminiBrainService$runEndOfDayReview$2$config$1
com.debtfreein.app.data.model.CreditCard
com.debtfreein.app.data.network.DeepSeekApiService
com.debtfreein.app.data.ai.ApiBudgetManager$isTradingAllowed$1
com.debtfreein.app.data.model.Expense
com.debtfreein.app.data.ai.ApiBudgetManager
com.debtfreein.app.data.ai.GeminiBrainService$generateTradePostMortem$2$config$1
com.debtfreein.app.data.ai.TradingBotService$startMarketScannerLoop$1
com.debtfreein.app.data.ai.EngineHeartbeatManager$updateActiveDeviceAndTakeover$1
com.debtfreein.app.data.ai.GeminiBrainService$validateTradeProposal$2
com.debtfreein.app.data.ai.GroqScannerService$special$$inlined$-addInterceptor$1
com.debtfreein.app.data.ai.HardStopException
com.debtfreein.app.data.network.MarketApiService
com.debtfreein.app.data.ai.AutonomousPaperTrader$initialize$1
com.debtfreein.app.data.ai.GeminiBrainService$evaluateExitSignal$2
com.debtfreein.app.data.network.GroqApiService
com.debtfreein.app.data.ai.TradingBotService$Companion
com.debtfreein.app.data.ai.TradingBotService$runEndOfDayReviewTask$1
com.debtfreein.app.data.ai.TradingBotService$startLogsAlertListener$1$1
com.debtfreein.app.data.ai.RepaymentPlanItem
com.debtfreein.app.data.ai.FailoverObserverService$checkHeartbeatFailover$1
com.debtfreein.app.data.ai.GeminiBrainService$generateDebtAdvice$2
com.debtfreein.app.data.ai.TradingBotService$writeTelemetryToFirestore$1
com.debtfreein.app.data.ai.GeminiBrainService$logGeminiSpend$1
com.debtfreein.app.data.model.VirtualLedger
com.debtfreein.app.data.ai.ReimbursableReceivableAdvice
com.debtfreein.app.data.ai.GeminiBrainService$generateTradingSignal$2$config$1
com.debtfreein.app.data.ai.FailoverObserverService$startHeartbeatObserver$3
com.debtfreein.app.data.ai.GeminiBrainService
com.debtfreein.app.data.ai.EngineHeartbeatManager$updateActiveDeviceAndTakeover$2
com.debtfreein.app.data.ai.SipAnalysisAdvice
com.debtfreein.app.data.ai.EngineHeartbeatManager$writeHeartbeat$1
com.debtfreein.app.data.ai.FailoverObserverService
com.debtfreein.app.data.sms.SmsReceiver
com.debtfreein.app.data.ai.FailoverObserverService$executeEngineTakeover$1
com.debtfreein.app.ui.MainActivity
com.debtfreein.app.DebtFreeInApp
com.debtfreein.app.data.ai.TradingBotService$startLogsAlertListener$1
com.debtfreein.app.data.ai.LiquidationAdvice
com.debtfreein.app.data.ai.TradingBotService$WhenMappings
com.debtfreein.app.data.ai.FailoverObserverService$Companion
com.debtfreein.app.data.ai.PersonalLoanAdvice
com.debtfreein.app.data.ai.GeminiBrainService$generateDebtAdvice$2$investmentsData$1
com.debtfreein.app.data.ai.AutonomousPaperTrader$initialize$1$1
com.debtfreein.app.data.ai.GeminiAdviceReport
com.debtfreein.app.data.ai.GeminiBrainService$runEndOfDayReview$2
com.debtfreein.app.data.ai.TradingBotService$pushAlertToFirestore$1
com.debtfreein.app.data.ai.GeminiBrainService$validateTradeProposal$2$config$1
com.debtfreein.app.data.db.AppDatabase
com.debtfreein.app.data.ai.GeminiBrainService$generateTradingSignal$2
com.debtfreein.app.data.ai.GeminiBrainService$generateDebtAdvice$2$cardsData$1
com.debtfreein.app.data.ai.GroqScannerService$deepseekApi$2
com.debtfreein.app.data.ai.AutonomousPaperTrader
com.debtfreein.app.data.ai.EngineHeartbeatManager$writeHeartbeat$2
com.debtfreein.app.data.ai.MarketClock
...
com.google.android.gms.internal.firebase-auth-api.zzabz: void zza(com.google.android.gms.tasks.TaskCompletionSource,com.google.android.gms.internal.firebase-auth-api.zzace)
com.google.android.gms.internal.firebase-auth-api.zzagw: long zza()
com.google.android.gms.internal.firebase-auth-api.zzact: zzact(java.lang.String)
com.google.ai.client.generativeai.type.FileDataPart: FileDataPart(java.lang.String,java.lang.String)
com.google.android.recaptcha.internal.zzkt: int zze(java.util.List)
com.google.firestore.admin.v1.Index$IndexField$ArrayConfig: com.google.firestore.admin.v1.Index$IndexField$ArrayConfig valueOf(java.lang.String)
com.google.android.gms.internal.firebase-auth-api.zzaip: zzaip(boolean)
okhttp3.internal.http.RealInterceptorChain: okhttp3.Interceptor$Chain withReadTimeout(int,java.util.concurrent.TimeUnit)
okhttp3.HttpUrl$Companion: java.lang.String canonicalize$okhttp(java.lang.String,int,int,java.lang.String,boolean,boolean,boolean,boolean,java.nio.charset.Charset)
com.google.android.gms.internal.firebase-auth-api.zzace: void zza(com.google.android.gms.internal.firebase-auth-api.zzxw,com.google.android.gms.internal.firebase-auth-api.zzacc)
com.google.android.gms.internal.firebase-auth-api.zzjv: com.google.android.gms.internal.firebase-auth-api.zzxr zza(com.google.android.gms.internal.firebase-auth-api.zzjl$zzd,java.lang.Integer)
com.google.android.gms.internal.fido.zzu: boolean zza(int,android.os.Parcel,android.os.Parcel,int)
com.google.gson.FieldNamingPolicy$1: FieldNamingPolicy$1(java.lang.String,int)
com.google.android.gms.internal.fido.zzax: com.google.android.gms.internal.fido.zzat zzh()
com.google.ai.client.generativeai.common.APIController$postStream$2: java.lang.Object invokeSuspend$$forInline(java.lang.Object)
com.google.android.gms.internal.firebase-auth-api.zzale: void zza(com.google.android.gms.internal.firebase-auth-api.zzair,java.lang.Object,java.lang.Object)
okhttp3.Cache: long maxSize()
okhttp3.internal.cache.DiskLruCache$Editor: void detach$okhttp()
com.google.ai.client.generativeai.common.client.FunctionCallingConfig$$serializer: kotlinx.serialization.KSerializer[] childSerializers()
okhttp3.Request$Builder: okhttp3.Request$Builder patch(okhttp3.RequestBody)
com.google.android.recaptcha.internal.zzhh: void zzC(java.lang.String,com.google.android.recaptcha.internal.zzlz)
com.google.android.recaptcha.internal.zzej: boolean zzb(int)
com.google.gson.Gson: com.google.gson.GsonBuilder newBuilder()
com.google.android.gms.internal.firebase-auth-api.zzkz: com.google.android.gms.internal.firebase-auth-api.zzkz zza(byte[],com.google.android.gms.internal.firebase-auth-api.zzli,com.google.android.gms.internal.firebase-auth-api.zzlg,com.google.android.gms.internal.firebase-auth-api.zzld,com.google.android.gms.internal.firebase-auth-api.zzla,byte[])
com.google.android.gms.internal.auth.zzec: byte zzb(int)
com.google.android.recaptcha.internal.zzit: boolean zzF(com.google.android.recaptcha.internal.zzit,boolean)
com.google.android.gms.common.api.GoogleApi: java.lang.String getContextAttributionTag()
okhttp3.OkHttpClient$Builder: okhttp3.OkHttpClient$Builder dns(okhttp3.Dns)
com.google.android.gms.internal.firebase-auth-api.zzje: com.google.android.gms.internal.firebase-auth-api.zzakk zza(com.google.android.gms.internal.firebase-auth-api.zzakk)
okhttp3.internal.connection.RealConnection: RealConnection(okhttp3.internal.connection.RealConnectionPool,okhttp3.Route)
okhttp3.MediaType: java.lang.String -deprecated_type()
com.google.android.gms.internal.auth.zzdi: java.lang.String toString()
com.google.android.gms.internal.firebase-auth-api.zzvh$zzb: java.util.List zzb()
okhttp3.internal.http2.Settings: okhttp3.internal.http2.Settings set(int,int)
com.google.android.recaptcha.internal.zzez: com.google.android.recaptcha.internal.zzfh zzh(com.google.android.recaptcha.internal.zzez)
com.google.android.gms.internal.firebase-auth-api.zzmj: void zza(long[],long[],long[])